<?xml version="1.0" ?>
<!DOCTYPE coverage SYSTEM "http://cobertura.sourceforge.net/xml/coverage-04.dtd">
<coverage lines-valid="7" lines-covered="7" line-rate="1" branches-valid="0" branches-covered="0" branch-rate="1" timestamp="1612533293221" complexity="0" version="0.1">
  <sources>
    <source>/Users/albertoraaz/Documents/pipelines-javascript</source>
  </sources>
  <packages>
    <class name="test.js" filename="tests/test.js" line-rate="1" branch-rate="1">
      <methods>
        <method name="(anonymous_0)" hits="1" signature="()V">
          <lines>
            <line number="3" hits="1"/>
          </lines>
        </method>
        <method name="(anonymous_1)" hits="1" signature="()V">
          <lines>
            <line number="4" hits="1"/>
          </lines>
        </method>
        <method name="(anonymous_2)" hits="1" signature="()V">
          <lines>
            <line number="5" hits="1"/>
          </lines>
        </method>
      </methods>
      <lines>
        <line number="1" hits="1" branch="false"/>
        <line number="3" hits="1" branch="false"/>
        <line number="4" hits="1" branch="false"/>
        <line number="5" hits="1" branch="false"/>
        <line number="6" hits="1" branch="false"/>
        <line number="8" hits="1" branch="false"/>
        <line number="9" hits="1" branch="false"/>
      </lines>
    </class>
  </packages>
</coverage>
